# JRE version: OpenJDK Runtime Environment (11.0.2+9) (build 11.0.2+9)
# Java VM: OpenJDK 64-Bit Server VM (11.0.2+9, mixed mode, tiered, compressed oops, g1 gc, windows-amd64)
Heap:
 garbage-first heap   total 156672K, used 89311K [0x0000000740000000, 0x0000000800000000)
  region size 1024K, 3 young (3072K), 0 survivors (0K)
 Metaspace       used 92487K, capacity 94992K, committed 95184K, reserved 1130496K
  class space    used 12814K, capacity 13925K, committed 13952K, reserved 1048576K
GC Heap History (10 events):
Event: 1298.912 GC heap before
{Heap before GC invocations=89 (full 6):
 garbage-first heap   total 156672K, used 99706K [0x0000000740000000, 0x0000000800000000)
  region size 1024K, 4 young (4096K), 1 survivors (1024K)
 Metaspace       used 92118K, capacity 94603K, committed 94928K, reserved 1130496K
  class space    used 12758K, capacity 13878K, committed 13952K, reserved 1048576K
}
Event: 1299.007 GC heap after
{Heap after GC invocations=90 (full 7):
 garbage-first heap   total 156672K, used 87083K [0x0000000740000000, 0x0000000800000000)
  region size 1024K, 0 young (0K), 0 survivors (0K)
 Metaspace       used 92118K, capacity 94603K, committed 94928K, reserved 1130496K
  class space    used 12758K, capacity 13878K, committed 13952K, reserved 1048576K
}
Event: 1299.051 GC heap before
{Heap before GC invocations=90 (full 7):
 garbage-first heap   total 156672K, used 89131K [0x0000000740000000, 0x0000000800000000)
  region size 1024K, 3 young (3072K), 0 survivors (0K)
 Metaspace       used 92137K, capacity 94603K, committed 94928K, reserved 1130496K
  class space    used 12758K, capacity 13878K, committed 13952K, reserved 1048576K
}
Event: 1299.053 GC heap after
{Heap after GC invocations=91 (full 7):
 garbage-first heap   total 156672K, used 87450K [0x0000000740000000, 0x0000000800000000)
  region size 1024K, 1 young (1024K), 1 survivors (1024K)
 Metaspace       used 92137K, capacity 94603K, committed 94928K, reserved 1130496K
  class space    used 12758K, capacity 13878K, committed 13952K, reserved 1048576K
}
Event: 1299.084 GC heap before
{Heap before GC invocations=91 (full 7):
 garbage-first heap   total 156672K, used 95642K [0x0000000740000000, 0x0000000800000000)
  region size 1024K, 4 young (4096K), 1 survivors (1024K)
 Metaspace       used 92140K, capacity 94603K, committed 94928K, reserved 1130496K
  class space    used 12758K, capacity 13878K, committed 13952K, reserved 1048576K
}
Event: 1299.177 GC heap after
{Heap after GC invocations=92 (full 8):
 garbage-first heap   total 156672K, used 87127K [0x0000000740000000, 0x0000000800000000)
  region size 1024K, 0 young (0K), 0 survivors (0K)
 Metaspace       used 92140K, capacity 94603K, committed 94928K, reserved 1130496K
  class space    used 12758K, capacity 13878K, committed 13952K, reserved 1048576K
}
Event: 1308.488 GC heap before
{Heap before GC invocations=92 (full 8):
 garbage-first heap   total 156672K, used 101463K [0x0000000740000000, 0x0000000800000000)
  region size 1024K, 15 young (15360K), 0 survivors (0K)
 Metaspace       used 92434K, capacity 94928K, committed 95184K, reserved 1130496K
  class space    used 12814K, capacity 13925K, committed 13952K, reserved 1048576K
}
Event: 1308.489 GC heap after
{Heap after GC invocations=93 (full 8):
 garbage-first heap   total 156672K, used 87453K [0x0000000740000000, 0x0000000800000000)
  region size 1024K, 1 young (1024K), 1 survivors (1024K)
 Metaspace       used 92434K, capacity 94928K, committed 95184K, reserved 1130496K
  class space    used 12814K, capacity 13925K, committed 13952K, reserved 1048576K
}
Event: 1321.831 GC heap before
{Heap before GC invocations=94 (full 8):
 garbage-first heap   total 156672K, used 107933K [0x0000000740000000, 0x0000000800000000)
  region size 1024K, 19 young (19456K), 1 survivors (1024K)
 Metaspace       used 92480K, capacity 94992K, committed 95184K, reserved 1130496K
  class space    used 12814K, capacity 13925K, committed 13952K, reserved 1048576K
}
Event: 1321.926 GC heap after
{Heap after GC invocations=95 (full 9):
 garbage-first heap   total 156672K, used 87263K [0x0000000740000000, 0x0000000800000000)
  region size 1024K, 0 young (0K), 0 survivors (0K)
 Metaspace       used 92480K, capacity 94992K, committed 95184K, reserved 1130496K
  class space    used 12814K, capacity 13925K, committed 13952K, reserved 1048576K
}

